0 silly argv {
0 silly argv   _: [ 'version' ],
0 silly argv   lernaVersion: '8.1.9',
0 silly argv   '$0': 'node_modules/.bin/lerna'
0 silly argv }
1 notice cli v8.1.9
2 verbose packageConfigs Explicit "packages" configuration found in lerna.json. Resolving packages using the configured glob(s): ["apps/*"]
3 verbose rootPath /home/suleman/terasol-devops/monorepo
4 info versioning independent
5 silly isAnythingCommitted
6 verbose isAnythingCommitted 1
7 silly getCurrentBranch
8 verbose currentBranch main
9 silly remoteBranchExists
10 silly isBehindUpstream
11 silly isBehindUpstream main is behind origin/main by 0 commit(s) and ahead by 0
12 silly hasTags
13 verbose hasTags false
14 info Assuming all packages changed
15 verbose updated app1
16 verbose updated app2
17 verbose git-describe undefined => "9d66223"
18 silly git-describe parsed => {"refCount":"3","sha":"9d66223","isDirty":false}
19 info execute Skipping releases
20 silly lifecycle No script for "preversion" in "monorepo", continuing
21 silly lifecycle No script for "preversion" in "app1", continuing
22 silly lifecycle No script for "preversion" in "app2", continuing
23 silly lifecycle No script for "version" in "app2", continuing
24 silly lifecycle No script for "version" in "app1", continuing
25 silly lifecycle No script for "version" in "monorepo", continuing
26 verbose version Updating root package-lock.json
27 silly gitAdd [
27 silly gitAdd   'apps/app2/package.json',
27 silly gitAdd   'apps/app2/package-lock.json',
27 silly gitAdd   'apps/app1/package.json',
27 silly gitAdd   'apps/app1/package-lock.json',
27 silly gitAdd   'package-lock.json'
27 silly gitAdd ]
28 silly gitCommit Publish
28 silly gitCommit
28 silly gitCommit  - app1@1.0.1
28 silly gitCommit  - app2@1.0.1
29 verbose git [
29 verbose git   'commit',
29 verbose git   '-F',
29 verbose git   '/tmp/3522f5d7-8543-44d8-8a6b-6ee7dfff56fb/lerna-commit.txt'
29 verbose git ]
30 silly gitTag app1@1.0.1 git tag %s -m %s
31 verbose git [ 'tag', 'app1@1.0.1', '-m', 'app1@1.0.1' ]
32 silly gitTag app2@1.0.1 git tag %s -m %s
33 verbose git [ 'tag', 'app2@1.0.1', '-m', 'app2@1.0.1' ]
34 silly lifecycle No script for "postversion" in "app1", continuing
35 silly lifecycle No script for "postversion" in "app2", continuing
36 silly lifecycle No script for "postversion" in "monorepo", continuing
37 info git Pushing tags...
38 silly gitPush origin main
39 error Error: Command failed with exit code 128: git push --follow-tags --no-verify --atomic origin main
39 error remote: Support for password authentication was removed on August 13, 2021.
39 error remote: Please see https://docs.github.com/get-started/getting-started-with-git/about-remote-repositories#cloning-with-https-urls for information on currently recommended modes of authentication.
39 error fatal: Authentication failed for 'https://github.com/mallikmatiullah/monorepo.git/'
39 error     at makeError (/home/suleman/terasol-devops/monorepo/node_modules/execa/lib/error.js:59:11)
39 error     at handlePromise (/home/suleman/terasol-devops/monorepo/node_modules/execa/index.js:114:26)
